# JRE version: 7.0_10-b18
# Java VM: Java HotSpot(TM) Client VM (23.6-b04 mixed mode, sharing windows-x86 )
Heap
 def new generation   total 4928K, used 356K [0x24510000, 0x24a60000, 0x29a60000)
  eden space 4416K,   2% used [0x24510000, 0x24526f80, 0x24960000)
  from space 512K,  51% used [0x249e0000, 0x24a22440, 0x24a60000)
  to   space 512K,   0% used [0x24960000, 0x24960000, 0x249e0000)
 tenured generation   total 10944K, used 8363K [0x29a60000, 0x2a510000, 0x34510000)
   the space 10944K,  76% used [0x29a60000, 0x2a28af88, 0x2a28b000, 0x2a510000)
 compacting perm gen  total 12288K, used 1642K [0x34510000, 0x35110000, 0x38510000)
   the space 12288K,  13% used [0x34510000, 0x346aa9e8, 0x346aaa00, 0x35110000)
    ro space 10240K,  42% used [0x38510000, 0x389508b0, 0x38950a00, 0x38f10000)
    rw space 12288K,  54% used [0x38f10000, 0x39590bf8, 0x39590c00, 0x39b10000)
GC Heap History (10 events):
Event: 13.247 GC heap before
{Heap before GC invocations=344 (full 0):
 def new generation   total 4928K, used 4635K [0x24510000, 0x24a60000, 0x29a60000)
  eden space 4416K,  98% used [0x24510000, 0x249548e0, 0x24960000)
  from space 512K,  51% used [0x24960000, 0x249a2440, 0x249e0000)
  to   space 512K,   0% used [0x249e0000, 0x249e0000, 0x24a60000)
 tenured generation   total 10944K, used 8260K [0x29a60000, 0x2a510000, 0x34510000)
   the space 10944K,  75% used [0x29a60000, 0x2a271308, 0x2a271400, 0x2a510000)
 compacting perm gen  total 12288K, used 1642K [0x34510000, 0x35110000, 0x38510000)
   the space 12288K,  13% used [0x34510000, 0x346aa9e8, 0x346aaa00, 0x35110000)
    ro space 10240K,  42% used [0x38510000, 0x389508b0, 0x38950a00, 0x38f10000)
    rw space 12288K,  54% used [0x38f10000, 0x39590bf8, 0x39590c00, 0x39b10000)
Event: 13.248 GC heap after
Heap after GC invocations=345 (full 0):
 def new generation   total 4928K, used 265K [0x24510000, 0x24a60000, 0x29a60000)
  eden space 4416K,   0% used [0x24510000, 0x24510000, 0x24960000)
  from space 512K,  51% used [0x249e0000, 0x24a22440, 0x24a60000)
  to   space 512K,   0% used [0x24960000, 0x24960000, 0x249e0000)
 tenured generation   total 10944K, used 8281K [0x29a60000, 0x2a510000, 0x34510000)
   the space 10944K,  75% used [0x29a60000, 0x2a276588, 0x2a276600, 0x2a510000)
 compacting perm gen  total 12288K, used 1642K [0x34510000, 0x35110000, 0x38510000)
   the space 12288K,  13% used [0x34510000, 0x346aa9e8, 0x346aaa00, 0x35110000)
    ro space 10240K,  42% used [0x38510000, 0x389508b0, 0x38950a00, 0x38f10000)
    rw space 12288K,  54% used [0x38f10000, 0x39590bf8, 0x39590c00, 0x39b10000)
}
Event: 13.285 GC heap before
{Heap before GC invocations=345 (full 0):
 def new generation   total 4928K, used 4635K [0x24510000, 0x24a60000, 0x29a60000)
  eden space 4416K,  98% used [0x24510000, 0x249548e0, 0x24960000)
  from space 512K,  51% used [0x249e0000, 0x24a22440, 0x24a60000)
  to   space 512K,   0% used [0x24960000, 0x24960000, 0x249e0000)
 tenured generation   total 10944K, used 8281K [0x29a60000, 0x2a510000, 0x34510000)
   the space 10944K,  75% used [0x29a60000, 0x2a276588, 0x2a276600, 0x2a510000)
 compacting perm gen  total 12288K, used 1642K [0x34510000, 0x35110000, 0x38510000)
   the space 12288K,  13% used [0x34510000, 0x346aa9e8, 0x346aaa00, 0x35110000)
    ro space 10240K,  42% used [0x38510000, 0x389508b0, 0x38950a00, 0x38f10000)
    rw space 12288K,  54% used [0x38f10000, 0x39590bf8, 0x39590c00, 0x39b10000)
Event: 13.286 GC heap after
Heap after GC invocations=346 (full 0):
 def new generation   total 4928K, used 265K [0x24510000, 0x24a60000, 0x29a60000)
  eden space 4416K,   0% used [0x24510000, 0x24510000, 0x24960000)
  from space 512K,  51% used [0x24960000, 0x249a2440, 0x249e0000)
  to   space 512K,   0% used [0x249e0000, 0x249e0000, 0x24a60000)
 tenured generation   total 10944K, used 8302K [0x29a60000, 0x2a510000, 0x34510000)
   the space 10944K,  75% used [0x29a60000, 0x2a27b808, 0x2a27ba00, 0x2a510000)
 compacting perm gen  total 12288K, used 1642K [0x34510000, 0x35110000, 0x38510000)
   the space 12288K,  13% used [0x34510000, 0x346aa9e8, 0x346aaa00, 0x35110000)
    ro space 10240K,  42% used [0x38510000, 0x389508b0, 0x38950a00, 0x38f10000)
    rw space 12288K,  54% used [0x38f10000, 0x39590bf8, 0x39590c00, 0x39b10000)
}
Event: 13.326 GC heap before
{Heap before GC invocations=346 (full 0):
 def new generation   total 4928K, used 4635K [0x24510000, 0x24a60000, 0x29a60000)
  eden space 4416K,  98% used [0x24510000, 0x249548e0, 0x24960000)
  from space 512K,  51% used [0x24960000, 0x249a2440, 0x249e0000)
  to   space 512K,   0% used [0x249e0000, 0x249e0000, 0x24a60000)
 tenured generation   total 10944K, used 8302K [0x29a60000, 0x2a510000, 0x34510000)
   the space 10944K,  75% used [0x29a60000, 0x2a27b808, 0x2a27ba00, 0x2a510000)
 compacting perm gen  total 12288K, used 1642K [0x34510000, 0x35110000, 0x38510000)
   the space 12288K,  13% used [0x34510000, 0x346aa9e8, 0x346aaa00, 0x35110000)
    ro space 10240K,  42% used [0x38510000, 0x389508b0, 0x38950a00, 0x38f10000)
    rw space 12288K,  54% used [0x38f10000, 0x39590bf8, 0x39590c00, 0x39b10000)
Event: 13.327 GC heap after
Heap after GC invocations=347 (full 0):
 def new generation   total 4928K, used 265K [0x24510000, 0x24a60000, 0x29a60000)
  eden space 4416K,   0% used [0x24510000, 0x24510000, 0x24960000)
  from space 512K,  51% used [0x249e0000, 0x24a22440, 0x24a60000)
  to   space 512K,   0% used [0x24960000, 0x24960000, 0x249e0000)
 tenured generation   total 10944K, used 8322K [0x29a60000, 0x2a510000, 0x34510000)
   the space 10944K,  76% used [0x29a60000, 0x2a280a88, 0x2a280c00, 0x2a510000)
 compacting perm gen  total 12288K, used 1642K [0x34510000, 0x35110000, 0x38510000)
   the space 12288K,  13% used [0x34510000, 0x346aa9e8, 0x346aaa00, 0x35110000)
    ro space 10240K,  42% used [0x38510000, 0x389508b0, 0x38950a00, 0x38f10000)
    rw space 12288K,  54% used [0x38f10000, 0x39590bf8, 0x39590c00, 0x39b10000)
}
Event: 13.365 GC heap before
{Heap before GC invocations=347 (full 0):
 def new generation   total 4928K, used 4635K [0x24510000, 0x24a60000, 0x29a60000)
  eden space 4416K,  98% used [0x24510000, 0x249548e0, 0x24960000)
  from space 512K,  51% used [0x249e0000, 0x24a22440, 0x24a60000)
  to   space 512K,   0% used [0x24960000, 0x24960000, 0x249e0000)
 tenured generation   total 10944K, used 8322K [0x29a60000, 0x2a510000, 0x34510000)
   the space 10944K,  76% used [0x29a60000, 0x2a280a88, 0x2a280c00, 0x2a510000)
 compacting perm gen  total 12288K, used 1642K [0x34510000, 0x35110000, 0x38510000)
   the space 12288K,  13% used [0x34510000, 0x346aa9e8, 0x346aaa00, 0x35110000)
    ro space 10240K,  42% used [0x38510000, 0x389508b0, 0x38950a00, 0x38f10000)
    rw space 12288K,  54% used [0x38f10000, 0x39590bf8, 0x39590c00, 0x39b10000)
Event: 13.366 GC heap after
Heap after GC invocations=348 (full 0):
 def new generation   total 4928K, used 265K [0x24510000, 0x24a60000, 0x29a60000)
  eden space 4416K,   0% used [0x24510000, 0x24510000, 0x24960000)
  from space 512K,  51% used [0x24960000, 0x249a2440, 0x249e0000)
  to   space 512K,   0% used [0x249e0000, 0x249e0000, 0x24a60000)
 tenured generation   total 10944K, used 8343K [0x29a60000, 0x2a510000, 0x34510000)
   the space 10944K,  76% used [0x29a60000, 0x2a285d08, 0x2a285e00, 0x2a510000)
 compacting perm gen  total 12288K, used 1642K [0x34510000, 0x35110000, 0x38510000)
   the space 12288K,  13% used [0x34510000, 0x346aa9e8, 0x346aaa00, 0x35110000)
    ro space 10240K,  42% used [0x38510000, 0x389508b0, 0x38950a00, 0x38f10000)
    rw space 12288K,  54% used [0x38f10000, 0x39590bf8, 0x39590c00, 0x39b10000)
}
Event: 13.407 GC heap before
{Heap before GC invocations=348 (full 0):
 def new generation   total 4928K, used 4635K [0x24510000, 0x24a60000, 0x29a60000)
  eden space 4416K,  98% used [0x24510000, 0x249548e0, 0x24960000)
  from space 512K,  51% used [0x24960000, 0x249a2440, 0x249e0000)
  to   space 512K,   0% used [0x249e0000, 0x249e0000, 0x24a60000)
 tenured generation   total 10944K, used 8343K [0x29a60000, 0x2a510000, 0x34510000)
   the space 10944K,  76% used [0x29a60000, 0x2a285d08, 0x2a285e00, 0x2a510000)
 compacting perm gen  total 12288K, used 1642K [0x34510000, 0x35110000, 0x38510000)
   the space 12288K,  13% used [0x34510000, 0x346aa9e8, 0x346aaa00, 0x35110000)
    ro space 10240K,  42% used [0x38510000, 0x389508b0, 0x38950a00, 0x38f10000)
    rw space 12288K,  54% used [0x38f10000, 0x39590bf8, 0x39590c00, 0x39b10000)
Event: 13.408 GC heap after
Heap after GC invocations=349 (full 0):
 def new generation   total 4928K, used 265K [0x24510000, 0x24a60000, 0x29a60000)
  eden space 4416K,   0% used [0x24510000, 0x24510000, 0x24960000)
  from space 512K,  51% used [0x249e0000, 0x24a22440, 0x24a60000)
  to   space 512K,   0% used [0x24960000, 0x24960000, 0x249e0000)
 tenured generation   total 10944K, used 8363K [0x29a60000, 0x2a510000, 0x34510000)
   the space 10944K,  76% used [0x29a60000, 0x2a28af88, 0x2a28b000, 0x2a510000)
 compacting perm gen  total 12288K, used 1642K [0x34510000, 0x35110000, 0x38510000)
   the space 12288K,  13% used [0x34510000, 0x346aa9e8, 0x346aaa00, 0x35110000)
    ro space 10240K,  42% used [0x38510000, 0x389508b0, 0x38950a00, 0x38f10000)
    rw space 12288K,  54% used [0x38f10000, 0x39590bf8, 0x39590c00, 0x39b10000)
}

