# JRE version: Java(TM) SE Runtime Environment (7.0_40-b43) (build 1.7.0_40-b43)
# Java VM: Java HotSpot(TM) Client VM (24.0-b56 mixed mode, sharing windows-x86 )
Heap
 def new generation   total 4928K, used 4269K [0x243b0000, 0x24900000, 0x29900000)
  eden space 4416K,  90% used [0x243b0000, 0x247992a8, 0x24800000)
  from space 512K,  51% used [0x24800000, 0x24842440, 0x24880000)
  to   space 512K,   0% used [0x24880000, 0x24880000, 0x24900000)
 tenured generation   total 10944K, used 8340K [0x29900000, 0x2a3b0000, 0x343b0000)
   the space 10944K,  76% used [0x29900000, 0x2a125228, 0x2a125400, 0x2a3b0000)
 compacting perm gen  total 12288K, used 1573K [0x343b0000, 0x34fb0000, 0x383b0000)
   the space 12288K,  12% used [0x343b0000, 0x34539748, 0x34539800, 0x34fb0000)
    ro space 10240K,  41% used [0x383b0000, 0x387e16b0, 0x387e1800, 0x38db0000)
    rw space 12288K,  52% used [0x38db0000, 0x393f59f0, 0x393f5a00, 0x399b0000)
GC Heap History (10 events):
Event: 12.433 GC heap before
{Heap before GC invocations=343 (full 0):
 def new generation   total 4928K, used 4635K [0x243b0000, 0x24900000, 0x29900000)
  eden space 4416K,  98% used [0x243b0000, 0x247f48e0, 0x24800000)
  from space 512K,  51% used [0x24880000, 0x248c2440, 0x24900000)
  to   space 512K,   0% used [0x24800000, 0x24800000, 0x24880000)
 tenured generation   total 10944K, used 8237K [0x29900000, 0x2a3b0000, 0x343b0000)
   the space 10944K,  75% used [0x29900000, 0x2a10b5a8, 0x2a10b600, 0x2a3b0000)
 compacting perm gen  total 12288K, used 1573K [0x343b0000, 0x34fb0000, 0x383b0000)
   the space 12288K,  12% used [0x343b0000, 0x34539748, 0x34539800, 0x34fb0000)
    ro space 10240K,  41% used [0x383b0000, 0x387e16b0, 0x387e1800, 0x38db0000)
    rw space 12288K,  52% used [0x38db0000, 0x393f59f0, 0x393f5a00, 0x399b0000)
Event: 12.434 GC heap after
Heap after GC invocations=344 (full 0):
 def new generation   total 4928K, used 265K [0x243b0000, 0x24900000, 0x29900000)
  eden space 4416K,   0% used [0x243b0000, 0x243b0000, 0x24800000)
  from space 512K,  51% used [0x24800000, 0x24842440, 0x24880000)
  to   space 512K,   0% used [0x24880000, 0x24880000, 0x24900000)
 tenured generation   total 10944K, used 8258K [0x29900000, 0x2a3b0000, 0x343b0000)
   the space 10944K,  75% used [0x29900000, 0x2a110828, 0x2a110a00, 0x2a3b0000)
 compacting perm gen  total 12288K, used 1573K [0x343b0000, 0x34fb0000, 0x383b0000)
   the space 12288K,  12% used [0x343b0000, 0x34539748, 0x34539800, 0x34fb0000)
    ro space 10240K,  41% used [0x383b0000, 0x387e16b0, 0x387e1800, 0x38db0000)
    rw space 12288K,  52% used [0x38db0000, 0x393f59f0, 0x393f5a00, 0x399b0000)
}
Event: 12.467 GC heap before
{Heap before GC invocations=344 (full 0):
 def new generation   total 4928K, used 4635K [0x243b0000, 0x24900000, 0x29900000)
  eden space 4416K,  98% used [0x243b0000, 0x247f48e0, 0x24800000)
  from space 512K,  51% used [0x24800000, 0x24842440, 0x24880000)
  to   space 512K,   0% used [0x24880000, 0x24880000, 0x24900000)
 tenured generation   total 10944K, used 8258K [0x29900000, 0x2a3b0000, 0x343b0000)
   the space 10944K,  75% used [0x29900000, 0x2a110828, 0x2a110a00, 0x2a3b0000)
 compacting perm gen  total 12288K, used 1573K [0x343b0000, 0x34fb0000, 0x383b0000)
   the space 12288K,  12% used [0x343b0000, 0x34539748, 0x34539800, 0x34fb0000)
    ro space 10240K,  41% used [0x383b0000, 0x387e16b0, 0x387e1800, 0x38db0000)
    rw space 12288K,  52% used [0x38db0000, 0x393f59f0, 0x393f5a00, 0x399b0000)
Event: 12.468 GC heap after
Heap after GC invocations=345 (full 0):
 def new generation   total 4928K, used 265K [0x243b0000, 0x24900000, 0x29900000)
  eden space 4416K,   0% used [0x243b0000, 0x243b0000, 0x24800000)
  from space 512K,  51% used [0x24880000, 0x248c2440, 0x24900000)
  to   space 512K,   0% used [0x24800000, 0x24800000, 0x24880000)
 tenured generation   total 10944K, used 8278K [0x29900000, 0x2a3b0000, 0x343b0000)
   the space 10944K,  75% used [0x29900000, 0x2a115aa8, 0x2a115c00, 0x2a3b0000)
 compacting perm gen  total 12288K, used 1573K [0x343b0000, 0x34fb0000, 0x383b0000)
   the space 12288K,  12% used [0x343b0000, 0x34539748, 0x34539800, 0x34fb0000)
    ro space 10240K,  41% used [0x383b0000, 0x387e16b0, 0x387e1800, 0x38db0000)
    rw space 12288K,  52% used [0x38db0000, 0x393f59f0, 0x393f5a00, 0x399b0000)
}
Event: 12.501 GC heap before
{Heap before GC invocations=345 (full 0):
 def new generation   total 4928K, used 4635K [0x243b0000, 0x24900000, 0x29900000)
  eden space 4416K,  98% used [0x243b0000, 0x247f48e0, 0x24800000)
  from space 512K,  51% used [0x24880000, 0x248c2440, 0x24900000)
  to   space 512K,   0% used [0x24800000, 0x24800000, 0x24880000)
 tenured generation   total 10944K, used 8278K [0x29900000, 0x2a3b0000, 0x343b0000)
   the space 10944K,  75% used [0x29900000, 0x2a115aa8, 0x2a115c00, 0x2a3b0000)
 compacting perm gen  total 12288K, used 1573K [0x343b0000, 0x34fb0000, 0x383b0000)
   the space 12288K,  12% used [0x343b0000, 0x34539748, 0x34539800, 0x34fb0000)
    ro space 10240K,  41% used [0x383b0000, 0x387e16b0, 0x387e1800, 0x38db0000)
    rw space 12288K,  52% used [0x38db0000, 0x393f59f0, 0x393f5a00, 0x399b0000)
Event: 12.501 GC heap after
Heap after GC invocations=346 (full 0):
 def new generation   total 4928K, used 265K [0x243b0000, 0x24900000, 0x29900000)
  eden space 4416K,   0% used [0x243b0000, 0x243b0000, 0x24800000)
  from space 512K,  51% used [0x24800000, 0x24842440, 0x24880000)
  to   space 512K,   0% used [0x24880000, 0x24880000, 0x24900000)
 tenured generation   total 10944K, used 8299K [0x29900000, 0x2a3b0000, 0x343b0000)
   the space 10944K,  75% used [0x29900000, 0x2a11ad28, 0x2a11ae00, 0x2a3b0000)
 compacting perm gen  total 12288K, used 1573K [0x343b0000, 0x34fb0000, 0x383b0000)
   the space 12288K,  12% used [0x343b0000, 0x34539748, 0x34539800, 0x34fb0000)
    ro space 10240K,  41% used [0x383b0000, 0x387e16b0, 0x387e1800, 0x38db0000)
    rw space 12288K,  52% used [0x38db0000, 0x393f59f0, 0x393f5a00, 0x399b0000)
}
Event: 12.534 GC heap before
{Heap before GC invocations=346 (full 0):
 def new generation   total 4928K, used 4635K [0x243b0000, 0x24900000, 0x29900000)
  eden space 4416K,  98% used [0x243b0000, 0x247f48e0, 0x24800000)
  from space 512K,  51% used [0x24800000, 0x24842440, 0x24880000)
  to   space 512K,   0% used [0x24880000, 0x24880000, 0x24900000)
 tenured generation   total 10944K, used 8299K [0x29900000, 0x2a3b0000, 0x343b0000)
   the space 10944K,  75% used [0x29900000, 0x2a11ad28, 0x2a11ae00, 0x2a3b0000)
 compacting perm gen  total 12288K, used 1573K [0x343b0000, 0x34fb0000, 0x383b0000)
   the space 12288K,  12% used [0x343b0000, 0x34539748, 0x34539800, 0x34fb0000)
    ro space 10240K,  41% used [0x383b0000, 0x387e16b0, 0x387e1800, 0x38db0000)
    rw space 12288K,  52% used [0x38db0000, 0x393f59f0, 0x393f5a00, 0x399b0000)
Event: 12.534 GC heap after
Heap after GC invocations=347 (full 0):
 def new generation   total 4928K, used 265K [0x243b0000, 0x24900000, 0x29900000)
  eden space 4416K,   0% used [0x243b0000, 0x243b0000, 0x24800000)
  from space 512K,  51% used [0x24880000, 0x248c2440, 0x24900000)
  to   space 512K,   0% used [0x24800000, 0x24800000, 0x24880000)
 tenured generation   total 10944K, used 8319K [0x29900000, 0x2a3b0000, 0x343b0000)
   the space 10944K,  76% used [0x29900000, 0x2a11ffa8, 0x2a120000, 0x2a3b0000)
 compacting perm gen  total 12288K, used 1573K [0x343b0000, 0x34fb0000, 0x383b0000)
   the space 12288K,  12% used [0x343b0000, 0x34539748, 0x34539800, 0x34fb0000)
    ro space 10240K,  41% used [0x383b0000, 0x387e16b0, 0x387e1800, 0x38db0000)
    rw space 12288K,  52% used [0x38db0000, 0x393f59f0, 0x393f5a00, 0x399b0000)
}
Event: 12.568 GC heap before
{Heap before GC invocations=347 (full 0):
 def new generation   total 4928K, used 4635K [0x243b0000, 0x24900000, 0x29900000)
  eden space 4416K,  98% used [0x243b0000, 0x247f48e0, 0x24800000)
  from space 512K,  51% used [0x24880000, 0x248c2440, 0x24900000)
  to   space 512K,   0% used [0x24800000, 0x24800000, 0x24880000)
 tenured generation   total 10944K, used 8319K [0x29900000, 0x2a3b0000, 0x343b0000)
   the space 10944K,  76% used [0x29900000, 0x2a11ffa8, 0x2a120000, 0x2a3b0000)
 compacting perm gen  total 12288K, used 1573K [0x343b0000, 0x34fb0000, 0x383b0000)
   the space 12288K,  12% used [0x343b0000, 0x34539748, 0x34539800, 0x34fb0000)
    ro space 10240K,  41% used [0x383b0000, 0x387e16b0, 0x387e1800, 0x38db0000)
    rw space 12288K,  52% used [0x38db0000, 0x393f59f0, 0x393f5a00, 0x399b0000)
Event: 12.569 GC heap after
Heap after GC invocations=348 (full 0):
 def new generation   total 4928K, used 265K [0x243b0000, 0x24900000, 0x29900000)
  eden space 4416K,   0% used [0x243b0000, 0x243b0000, 0x24800000)
  from space 512K,  51% used [0x24800000, 0x24842440, 0x24880000)
  to   space 512K,   0% used [0x24880000, 0x24880000, 0x24900000)
 tenured generation   total 10944K, used 8340K [0x29900000, 0x2a3b0000, 0x343b0000)
   the space 10944K,  76% used [0x29900000, 0x2a125228, 0x2a125400, 0x2a3b0000)
 compacting perm gen  total 12288K, used 1573K [0x343b0000, 0x34fb0000, 0x383b0000)
   the space 12288K,  12% used [0x343b0000, 0x34539748, 0x34539800, 0x34fb0000)
    ro space 10240K,  41% used [0x383b0000, 0x387e16b0, 0x387e1800, 0x38db0000)
    rw space 12288K,  52% used [0x38db0000, 0x393f59f0, 0x393f5a00, 0x399b0000)
}

