# JRE version: Java(TM) SE Runtime Environment (7.0_40-b43) (build 1.7.0_40-b43)
# Java VM: Java HotSpot(TM) Client VM (24.0-b56 mixed mode, sharing windows-x86 )
Heap
 def new generation   total 4928K, used 3814K [0x243b0000, 0x24900000, 0x29900000)
  eden space 4416K,  80% used [0x243b0000, 0x24727528, 0x24800000)
  from space 512K,  51% used [0x24800000, 0x24842440, 0x24880000)
  to   space 512K,   0% used [0x24880000, 0x24880000, 0x24900000)
 tenured generation   total 10944K, used 6915K [0x29900000, 0x2a3b0000, 0x343b0000)
   the space 10944K,  63% used [0x29900000, 0x29fc0d10, 0x29fc0e00, 0x2a3b0000)
 compacting perm gen  total 12288K, used 1574K [0x343b0000, 0x34fb0000, 0x383b0000)
   the space 12288K,  12% used [0x343b0000, 0x34539810, 0x34539a00, 0x34fb0000)
    ro space 10240K,  41% used [0x383b0000, 0x387e16b0, 0x387e1800, 0x38db0000)
    rw space 12288K,  52% used [0x38db0000, 0x393f59f0, 0x393f5a00, 0x399b0000)
GC Heap History (10 events):
Event: 14.982 GC heap before
{Heap before GC invocations=273 (full 0):
 def new generation   total 4928K, used 4635K [0x243b0000, 0x24900000, 0x29900000)
  eden space 4416K,  98% used [0x243b0000, 0x247f48e0, 0x24800000)
  from space 512K,  51% used [0x24880000, 0x248c2440, 0x24900000)
  to   space 512K,   0% used [0x24800000, 0x24800000, 0x24880000)
 tenured generation   total 10944K, used 6812K [0x29900000, 0x2a3b0000, 0x343b0000)
   the space 10944K,  62% used [0x29900000, 0x29fa7090, 0x29fa7200, 0x2a3b0000)
 compacting perm gen  total 12288K, used 1574K [0x343b0000, 0x34fb0000, 0x383b0000)
   the space 12288K,  12% used [0x343b0000, 0x34539810, 0x34539a00, 0x34fb0000)
    ro space 10240K,  41% used [0x383b0000, 0x387e16b0, 0x387e1800, 0x38db0000)
    rw space 12288K,  52% used [0x38db0000, 0x393f59f0, 0x393f5a00, 0x399b0000)
Event: 14.982 GC heap after
Heap after GC invocations=274 (full 0):
 def new generation   total 4928K, used 265K [0x243b0000, 0x24900000, 0x29900000)
  eden space 4416K,   0% used [0x243b0000, 0x243b0000, 0x24800000)
  from space 512K,  51% used [0x24800000, 0x24842440, 0x24880000)
  to   space 512K,   0% used [0x24880000, 0x24880000, 0x24900000)
 tenured generation   total 10944K, used 6832K [0x29900000, 0x2a3b0000, 0x343b0000)
   the space 10944K,  62% used [0x29900000, 0x29fac310, 0x29fac400, 0x2a3b0000)
 compacting perm gen  total 12288K, used 1574K [0x343b0000, 0x34fb0000, 0x383b0000)
   the space 12288K,  12% used [0x343b0000, 0x34539810, 0x34539a00, 0x34fb0000)
    ro space 10240K,  41% used [0x383b0000, 0x387e16b0, 0x387e1800, 0x38db0000)
    rw space 12288K,  52% used [0x38db0000, 0x393f59f0, 0x393f5a00, 0x399b0000)
}
Event: 15.018 GC heap before
{Heap before GC invocations=274 (full 0):
 def new generation   total 4928K, used 4635K [0x243b0000, 0x24900000, 0x29900000)
  eden space 4416K,  98% used [0x243b0000, 0x247f48e0, 0x24800000)
  from space 512K,  51% used [0x24800000, 0x24842440, 0x24880000)
  to   space 512K,   0% used [0x24880000, 0x24880000, 0x24900000)
 tenured generation   total 10944K, used 6832K [0x29900000, 0x2a3b0000, 0x343b0000)
   the space 10944K,  62% used [0x29900000, 0x29fac310, 0x29fac400, 0x2a3b0000)
 compacting perm gen  total 12288K, used 1574K [0x343b0000, 0x34fb0000, 0x383b0000)
   the space 12288K,  12% used [0x343b0000, 0x34539810, 0x34539a00, 0x34fb0000)
    ro space 10240K,  41% used [0x383b0000, 0x387e16b0, 0x387e1800, 0x38db0000)
    rw space 12288K,  52% used [0x38db0000, 0x393f59f0, 0x393f5a00, 0x399b0000)
Event: 15.019 GC heap after
Heap after GC invocations=275 (full 0):
 def new generation   total 4928K, used 265K [0x243b0000, 0x24900000, 0x29900000)
  eden space 4416K,   0% used [0x243b0000, 0x243b0000, 0x24800000)
  from space 512K,  51% used [0x24880000, 0x248c2440, 0x24900000)
  to   space 512K,   0% used [0x24800000, 0x24800000, 0x24880000)
 tenured generation   total 10944K, used 6853K [0x29900000, 0x2a3b0000, 0x343b0000)
   the space 10944K,  62% used [0x29900000, 0x29fb1590, 0x29fb1600, 0x2a3b0000)
 compacting perm gen  total 12288K, used 1574K [0x343b0000, 0x34fb0000, 0x383b0000)
   the space 12288K,  12% used [0x343b0000, 0x34539810, 0x34539a00, 0x34fb0000)
    ro space 10240K,  41% used [0x383b0000, 0x387e16b0, 0x387e1800, 0x38db0000)
    rw space 12288K,  52% used [0x38db0000, 0x393f59f0, 0x393f5a00, 0x399b0000)
}
Event: 15.053 GC heap before
{Heap before GC invocations=275 (full 0):
 def new generation   total 4928K, used 4635K [0x243b0000, 0x24900000, 0x29900000)
  eden space 4416K,  98% used [0x243b0000, 0x247f48e0, 0x24800000)
  from space 512K,  51% used [0x24880000, 0x248c2440, 0x24900000)
  to   space 512K,   0% used [0x24800000, 0x24800000, 0x24880000)
 tenured generation   total 10944K, used 6853K [0x29900000, 0x2a3b0000, 0x343b0000)
   the space 10944K,  62% used [0x29900000, 0x29fb1590, 0x29fb1600, 0x2a3b0000)
 compacting perm gen  total 12288K, used 1574K [0x343b0000, 0x34fb0000, 0x383b0000)
   the space 12288K,  12% used [0x343b0000, 0x34539810, 0x34539a00, 0x34fb0000)
    ro space 10240K,  41% used [0x383b0000, 0x387e16b0, 0x387e1800, 0x38db0000)
    rw space 12288K,  52% used [0x38db0000, 0x393f59f0, 0x393f5a00, 0x399b0000)
Event: 15.054 GC heap after
Heap after GC invocations=276 (full 0):
 def new generation   total 4928K, used 265K [0x243b0000, 0x24900000, 0x29900000)
  eden space 4416K,   0% used [0x243b0000, 0x243b0000, 0x24800000)
  from space 512K,  51% used [0x24800000, 0x24842440, 0x24880000)
  to   space 512K,   0% used [0x24880000, 0x24880000, 0x24900000)
 tenured generation   total 10944K, used 6874K [0x29900000, 0x2a3b0000, 0x343b0000)
   the space 10944K,  62% used [0x29900000, 0x29fb6810, 0x29fb6a00, 0x2a3b0000)
 compacting perm gen  total 12288K, used 1574K [0x343b0000, 0x34fb0000, 0x383b0000)
   the space 12288K,  12% used [0x343b0000, 0x34539810, 0x34539a00, 0x34fb0000)
    ro space 10240K,  41% used [0x383b0000, 0x387e16b0, 0x387e1800, 0x38db0000)
    rw space 12288K,  52% used [0x38db0000, 0x393f59f0, 0x393f5a00, 0x399b0000)
}
Event: 15.495 GC heap before
{Heap before GC invocations=276 (full 0):
 def new generation   total 4928K, used 4635K [0x243b0000, 0x24900000, 0x29900000)
  eden space 4416K,  98% used [0x243b0000, 0x247f48e0, 0x24800000)
  from space 512K,  51% used [0x24800000, 0x24842440, 0x24880000)
  to   space 512K,   0% used [0x24880000, 0x24880000, 0x24900000)
 tenured generation   total 10944K, used 6874K [0x29900000, 0x2a3b0000, 0x343b0000)
   the space 10944K,  62% used [0x29900000, 0x29fb6810, 0x29fb6a00, 0x2a3b0000)
 compacting perm gen  total 12288K, used 1574K [0x343b0000, 0x34fb0000, 0x383b0000)
   the space 12288K,  12% used [0x343b0000, 0x34539810, 0x34539a00, 0x34fb0000)
    ro space 10240K,  41% used [0x383b0000, 0x387e16b0, 0x387e1800, 0x38db0000)
    rw space 12288K,  52% used [0x38db0000, 0x393f59f0, 0x393f5a00, 0x399b0000)
Event: 15.496 GC heap after
Heap after GC invocations=277 (full 0):
 def new generation   total 4928K, used 265K [0x243b0000, 0x24900000, 0x29900000)
  eden space 4416K,   0% used [0x243b0000, 0x243b0000, 0x24800000)
  from space 512K,  51% used [0x24880000, 0x248c2440, 0x24900000)
  to   space 512K,   0% used [0x24800000, 0x24800000, 0x24880000)
 tenured generation   total 10944K, used 6894K [0x29900000, 0x2a3b0000, 0x343b0000)
   the space 10944K,  62% used [0x29900000, 0x29fbba90, 0x29fbbc00, 0x2a3b0000)
 compacting perm gen  total 12288K, used 1574K [0x343b0000, 0x34fb0000, 0x383b0000)
   the space 12288K,  12% used [0x343b0000, 0x34539810, 0x34539a00, 0x34fb0000)
    ro space 10240K,  41% used [0x383b0000, 0x387e16b0, 0x387e1800, 0x38db0000)
    rw space 12288K,  52% used [0x38db0000, 0x393f59f0, 0x393f5a00, 0x399b0000)
}
Event: 15.530 GC heap before
{Heap before GC invocations=277 (full 0):
 def new generation   total 4928K, used 4635K [0x243b0000, 0x24900000, 0x29900000)
  eden space 4416K,  98% used [0x243b0000, 0x247f48e0, 0x24800000)
  from space 512K,  51% used [0x24880000, 0x248c2440, 0x24900000)
  to   space 512K,   0% used [0x24800000, 0x24800000, 0x24880000)
 tenured generation   total 10944K, used 6894K [0x29900000, 0x2a3b0000, 0x343b0000)
   the space 10944K,  62% used [0x29900000, 0x29fbba90, 0x29fbbc00, 0x2a3b0000)
 compacting perm gen  total 12288K, used 1574K [0x343b0000, 0x34fb0000, 0x383b0000)
   the space 12288K,  12% used [0x343b0000, 0x34539810, 0x34539a00, 0x34fb0000)
    ro space 10240K,  41% used [0x383b0000, 0x387e16b0, 0x387e1800, 0x38db0000)
    rw space 12288K,  52% used [0x38db0000, 0x393f59f0, 0x393f5a00, 0x399b0000)
Event: 15.531 GC heap after
Heap after GC invocations=278 (full 0):
 def new generation   total 4928K, used 265K [0x243b0000, 0x24900000, 0x29900000)
  eden space 4416K,   0% used [0x243b0000, 0x243b0000, 0x24800000)
  from space 512K,  51% used [0x24800000, 0x24842440, 0x24880000)
  to   space 512K,   0% used [0x24880000, 0x24880000, 0x24900000)
 tenured generation   total 10944K, used 6915K [0x29900000, 0x2a3b0000, 0x343b0000)
   the space 10944K,  63% used [0x29900000, 0x29fc0d10, 0x29fc0e00, 0x2a3b0000)
 compacting perm gen  total 12288K, used 1574K [0x343b0000, 0x34fb0000, 0x383b0000)
   the space 12288K,  12% used [0x343b0000, 0x34539810, 0x34539a00, 0x34fb0000)
    ro space 10240K,  41% used [0x383b0000, 0x387e16b0, 0x387e1800, 0x38db0000)
    rw space 12288K,  52% used [0x38db0000, 0x393f59f0, 0x393f5a00, 0x399b0000)
}

